android/app/build/intermediates/manifest_merge_blame_file/release/processReleaseMainManifest/manifest-merger-blame-release-report.txt
1<?xml version="1.0" encoding="utf-8"?>
2<manifest xmlns:android="http://schemas.android.com/apk/res/android"
3    package="com.example.quiz_application"
4    android:versionCode="1"
5    android:versionName="1.0.0" >
6
7    <uses-sdk
8        android:minSdkVersion="24"
9        android:targetSdkVersion="36" />
10
11    <uses-permission android:name="android.permission.PACKAGE_USAGE_STATS" />
11-->src\main\AndroidManifest.xml:4:5-6:47
11-->src\main\AndroidManifest.xml:5:9-62
12    <uses-permission android:name="android.permission.INTERNET" />
12-->src\main\AndroidManifest.xml:7:5-67
12-->src\main\AndroidManifest.xml:7:22-64
13    <!-- Required so installed_apps can resolve human-readable labels for foreground packages during anti-cheat checks. -->
14    <uses-permission android:name="android.permission.QUERY_ALL_PACKAGES" />
14-->src\main\AndroidManifest.xml:9:5-11:53
14-->src\main\AndroidManifest.xml:10:9-61
15    <!--
16         Required to query activities that can process text, see:
17         https://developer.android.com/training/package-visibility and
18         https://developer.android.com/reference/android/content/Intent#ACTION_PROCESS_TEXT.
19
20         In particular, this is used by the Flutter engine in io.flutter.plugin.text.ProcessTextPlugin.
21    -->
22    <queries>
22-->src\main\AndroidManifest.xml:68:5-73:15
23        <intent>
23-->src\main\AndroidManifest.xml:69:9-72:18
24            <action android:name="android.intent.action.PROCESS_TEXT" />
24-->src\main\AndroidManifest.xml:70:13-72
24-->src\main\AndroidManifest.xml:70:21-70
25
26            <data android:mimeType="text/plain" />
26-->src\main\AndroidManifest.xml:71:13-50
26-->src\main\AndroidManifest.xml:71:19-48
27        </intent>
28    </queries>
29
30    <uses-permission android:name="android.permission.ACCESS_NETWORK_STATE" />
30-->[:firebase_analytics] AndroidManifest.xml:7:5-79
30-->[:firebase_analytics] AndroidManifest.xml:7:22-76
31    <uses-permission android:name="android.permission.WAKE_LOCK" />
31-->[:firebase_analytics] AndroidManifest.xml:9:5-68
31-->[:firebase_analytics] AndroidManifest.xml:9:22-65
32    <uses-permission android:name="android.permission.REQUEST_DELETE_PACKAGES" />
32-->[:installed_apps] AndroidManifest.xml:8:5-82
32-->[:installed_apps] AndroidManifest.xml:8:22-79
33    <uses-permission android:name="android.permission.VIBRATE" />
33-->[:flutter_local_notifications] AndroidManifest.xml:7:5-66
33-->[:flutter_local_notifications] AndroidManifest.xml:7:22-63
34    <uses-permission android:name="android.permission.POST_NOTIFICATIONS" /> <!-- Required by older versions of Google Play services to create IID tokens -->
34-->[:flutter_local_notifications] AndroidManifest.xml:8:5-77
34-->[:flutter_local_notifications] AndroidManifest.xml:8:22-74
35    <uses-permission android:name="com.google.android.c2dm.permission.RECEIVE" />
35-->[com.google.firebase:firebase-messaging:25.0.1] AndroidManifest.xml:26:5-82
35-->[com.google.firebase:firebase-messaging:25.0.1] AndroidManifest.xml:26:22-79
36    <uses-permission android:name="com.google.android.finsky.permission.BIND_GET_INSTALL_REFERRER_SERVICE" />
36-->[com.google.android.gms:play-services-measurement:23.0.0] AndroidManifest.xml:26:5-110
36-->[com.google.android.gms:play-services-measurement:23.0.0] AndroidManifest.xml:26:22-107
37    <uses-permission android:name="com.google.android.gms.permission.AD_ID" />
37-->[com.google.android.gms:play-services-measurement-impl:23.0.0] AndroidManifest.xml:27:5-79
37-->[com.google.android.gms:play-services-measurement-impl:23.0.0] AndroidManifest.xml:27:22-76
38    <uses-permission android:name="android.permission.ACCESS_ADSERVICES_ATTRIBUTION" />
38-->[com.google.android.gms:play-services-measurement-api:23.0.0] AndroidManifest.xml:26:5-88
38-->[com.google.android.gms:play-services-measurement-api:23.0.0] AndroidManifest.xml:26:22-85
39    <uses-permission android:name="android.permission.ACCESS_ADSERVICES_AD_ID" />
39-->[com.google.android.gms:play-services-measurement-api:23.0.0] AndroidManifest.xml:27:5-82
39-->[com.google.android.gms:play-services-measurement-api:23.0.0] AndroidManifest.xml:27:22-79
40    <uses-permission android:name="com.google.android.providers.gsf.permission.READ_GSERVICES" />
40-->[com.google.android.recaptcha:recaptcha:18.6.1] AndroidManifest.xml:9:5-98
40-->[com.google.android.recaptcha:recaptcha:18.6.1] AndroidManifest.xml:9:22-95
41
42    <permission
42-->[androidx.core:core:1.17.0] AndroidManifest.xml:22:5-24:47
43        android:name="com.example.quiz_application.DYNAMIC_RECEIVER_NOT_EXPORTED_PERMISSION"
43-->[androidx.core:core:1.17.0] AndroidManifest.xml:23:9-81
44        android:protectionLevel="signature" />
44-->[androidx.core:core:1.17.0] AndroidManifest.xml:24:9-44
45
46    <uses-permission android:name="com.example.quiz_application.DYNAMIC_RECEIVER_NOT_EXPORTED_PERMISSION" />
46-->[androidx.core:core:1.17.0] AndroidManifest.xml:26:5-97
46-->[androidx.core:core:1.17.0] AndroidManifest.xml:26:22-94
47
48    <application
49        android:name="android.app.Application"
49-->src\main\AndroidManifest.xml:14:9-42
50        android:appComponentFactory="androidx.core.app.CoreComponentFactory"
50-->[androidx.core:core:1.17.0] AndroidManifest.xml:28:18-86
51        android:enableOnBackInvokedCallback="true"
51-->src\main\AndroidManifest.xml:16:9-51
52        android:extractNativeLibs="false"
53        android:icon="@mipmap/launcher_icon"
53-->src\main\AndroidManifest.xml:15:9-45
54        android:label="Quiz Guard" >
54-->src\main\AndroidManifest.xml:13:9-35
55        <activity
55-->src\main\AndroidManifest.xml:17:9-38:20
56            android:name="com.example.quiz_application.MainActivity"
56-->src\main\AndroidManifest.xml:18:13-41
57            android:configChanges="orientation|keyboardHidden|keyboard|screenSize|smallestScreenSize|locale|layoutDirection|fontScale|screenLayout|density|uiMode"
57-->src\main\AndroidManifest.xml:23:13-163
58            android:exported="true"
58-->src\main\AndroidManifest.xml:19:13-36
59            android:hardwareAccelerated="true"
59-->src\main\AndroidManifest.xml:24:13-47
60            android:launchMode="singleTop"
60-->src\main\AndroidManifest.xml:20:13-43
61            android:taskAffinity=""
61-->src\main\AndroidManifest.xml:21:13-36
62            android:theme="@style/LaunchTheme"
62-->src\main\AndroidManifest.xml:22:13-47
63            android:windowSoftInputMode="adjustResize" >
63-->src\main\AndroidManifest.xml:25:13-55
64
65            <!--
66                 Specifies an Android theme to apply to this Activity as soon as
67                 the Android process has started. This theme is visible to the user
68                 while the Flutter UI initializes. After that, this theme continues
69                 to determine the Window background behind the Flutter UI.
70            -->
71            <meta-data
71-->src\main\AndroidManifest.xml:30:13-33:17
72                android:name="io.flutter.embedding.android.NormalTheme"
72-->src\main\AndroidManifest.xml:31:15-70
73                android:resource="@style/NormalTheme" />
73-->src\main\AndroidManifest.xml:32:15-52
74
75            <intent-filter>
75-->src\main\AndroidManifest.xml:34:13-37:29
76                <action android:name="android.intent.action.MAIN" />
76-->src\main\AndroidManifest.xml:35:17-68
76-->src\main\AndroidManifest.xml:35:25-66
77
78                <category android:name="android.intent.category.LAUNCHER" />
78-->src\main\AndroidManifest.xml:36:17-76
78-->src\main\AndroidManifest.xml:36:27-74
79            </intent-filter>
80        </activity>
81        <!--
82             Don't delete the meta-data below.
83             This is used by the Flutter tool to generate GeneratedPluginRegistrant.java
84        -->
85        <meta-data
85-->src\main\AndroidManifest.xml:41:9-43:33
86            android:name="flutterEmbedding"
86-->src\main\AndroidManifest.xml:42:13-44
87            android:value="2" />
87-->src\main\AndroidManifest.xml:43:13-30
88
89        <!-- Accessibility service streams foreground app changes for anti-cheat monitoring. -->
90        <service
90-->src\main\AndroidManifest.xml:46:9-57:19
91            android:name="com.example.quiz_application.AppSwitchAccessibilityService"
91-->src\main\AndroidManifest.xml:47:13-58
92            android:exported="false"
92-->src\main\AndroidManifest.xml:48:13-37
93            android:label="@string/accessibility_service_name"
93-->src\main\AndroidManifest.xml:49:13-63
94            android:permission="android.permission.BIND_ACCESSIBILITY_SERVICE" >
94-->src\main\AndroidManifest.xml:50:13-79
95            <intent-filter>
95-->src\main\AndroidManifest.xml:51:13-53:29
96                <action android:name="android.accessibilityservice.AccessibilityService" />
96-->src\main\AndroidManifest.xml:52:17-92
96-->src\main\AndroidManifest.xml:52:25-89
97            </intent-filter>
98
99            <meta-data
99-->src\main\AndroidManifest.xml:54:13-56:76
100                android:name="android.accessibilityservice"
100-->src\main\AndroidManifest.xml:55:17-60
101                android:resource="@xml/app_switch_accessibility_service" />
101-->src\main\AndroidManifest.xml:56:17-73
102        </service>
103
104        <meta-data
104-->src\main\AndroidManifest.xml:59:9-61:55
105            android:name="com.google.firebase.messaging.default_notification_channel_id"
105-->src\main\AndroidManifest.xml:60:13-89
106            android:value="high_importance_channel" />
106-->src\main\AndroidManifest.xml:61:13-52
107
108        <service
108-->[:cloud_functions] AndroidManifest.xml:8:9-12:19
109            android:name="com.google.firebase.components.ComponentDiscoveryService"
109-->[:cloud_functions] AndroidManifest.xml:8:18-89
110            android:directBootAware="true"
110-->[com.google.firebase:firebase-common:22.0.1] AndroidManifest.xml:32:13-43
111            android:exported="false" >
111-->[com.google.firebase:firebase-auth:24.0.1] AndroidManifest.xml:68:13-37
112            <meta-data
112-->[:cloud_functions] AndroidManifest.xml:9:13-11:85
113                android:name="com.google.firebase.components:io.flutter.plugins.firebase.functions.FlutterFirebaseAppRegistrar"
113-->[:cloud_functions] AndroidManifest.xml:10:17-128
114                android:value="com.google.firebase.components.ComponentRegistrar" />
114-->[:cloud_functions] AndroidManifest.xml:11:17-82
115            <meta-data
115-->[:firebase_analytics] AndroidManifest.xml:13:13-15:85
116                android:name="com.google.firebase.components:io.flutter.plugins.firebase.analytics.FlutterFirebaseAppRegistrar"
116-->[:firebase_analytics] AndroidManifest.xml:14:17-128
117                android:value="com.google.firebase.components.ComponentRegistrar" />
117-->[:firebase_analytics] AndroidManifest.xml:15:17-82
118            <meta-data
118-->[:firebase_storage] AndroidManifest.xml:9:13-11:85
119                android:name="com.google.firebase.components:io.flutter.plugins.firebase.storage.FlutterFirebaseAppRegistrar"
119-->[:firebase_storage] AndroidManifest.xml:10:17-126
120                android:value="com.google.firebase.components.ComponentRegistrar" />
120-->[:firebase_storage] AndroidManifest.xml:11:17-82
121            <meta-data
121-->[:cloud_firestore] AndroidManifest.xml:9:13-11:85
122                android:name="com.google.firebase.components:io.flutter.plugins.firebase.firestore.FlutterFirebaseFirestoreRegistrar"
122-->[:cloud_firestore] AndroidManifest.xml:10:17-134
123                android:value="com.google.firebase.components.ComponentRegistrar" />
123-->[:cloud_firestore] AndroidManifest.xml:11:17-82
124            <meta-data
124-->[:firebase_auth] AndroidManifest.xml:9:13-11:85
125                android:name="com.google.firebase.components:io.flutter.plugins.firebase.auth.FlutterFirebaseAuthRegistrar"
125-->[:firebase_auth] AndroidManifest.xml:10:17-124
126                android:value="com.google.firebase.components.ComponentRegistrar" />
126-->[:firebase_auth] AndroidManifest.xml:11:17-82
127            <meta-data
127-->[:firebase_messaging] AndroidManifest.xml:36:13-38:85
128                android:name="com.google.firebase.components:io.flutter.plugins.firebase.messaging.FlutterFirebaseAppRegistrar"
128-->[:firebase_messaging] AndroidManifest.xml:37:17-128
129                android:value="com.google.firebase.components.ComponentRegistrar" />
129-->[:firebase_messaging] AndroidManifest.xml:38:17-82
130            <meta-data
130-->[:firebase_core] AndroidManifest.xml:9:13-11:85
131                android:name="com.google.firebase.components:io.flutter.plugins.firebase.core.FlutterFirebaseCoreRegistrar"
131-->[:firebase_core] AndroidManifest.xml:10:17-124
132                android:value="com.google.firebase.components.ComponentRegistrar" />
132-->[:firebase_core] AndroidManifest.xml:11:17-82
133            <meta-data
133-->[com.google.firebase:firebase-auth:24.0.1] AndroidManifest.xml:69:13-71:85
134                android:name="com.google.firebase.components:com.google.firebase.auth.FirebaseAuthRegistrar"
134-->[com.google.firebase:firebase-auth:24.0.1] AndroidManifest.xml:70:17-109
135                android:value="com.google.firebase.components.ComponentRegistrar" />
135-->[com.google.firebase:firebase-auth:24.0.1] AndroidManifest.xml:71:17-82
136            <meta-data
136-->[com.google.firebase:firebase-firestore:26.0.2] AndroidManifest.xml:17:13-19:85
137                android:name="com.google.firebase.components:com.google.firebase.firestore.FirebaseFirestoreKtxRegistrar"
137-->[com.google.firebase:firebase-firestore:26.0.2] AndroidManifest.xml:18:17-122
138                android:value="com.google.firebase.components.ComponentRegistrar" />
138-->[com.google.firebase:firebase-firestore:26.0.2] AndroidManifest.xml:19:17-82
139            <meta-data
139-->[com.google.firebase:firebase-firestore:26.0.2] AndroidManifest.xml:20:13-22:85
140                android:name="com.google.firebase.components:com.google.firebase.firestore.FirestoreRegistrar"
140-->[com.google.firebase:firebase-firestore:26.0.2] AndroidManifest.xml:21:17-111
141                android:value="com.google.firebase.components.ComponentRegistrar" />
141-->[com.google.firebase:firebase-firestore:26.0.2] AndroidManifest.xml:22:17-82
142            <meta-data
142-->[com.google.firebase:firebase-functions:22.1.0] AndroidManifest.xml:15:13-17:85
143                android:name="com.google.firebase.components:com.google.firebase.functions.FirebaseFunctionsKtxRegistrar"
143-->[com.google.firebase:firebase-functions:22.1.0] AndroidManifest.xml:16:17-122
144                android:value="com.google.firebase.components.ComponentRegistrar" />
144-->[com.google.firebase:firebase-functions:22.1.0] AndroidManifest.xml:17:17-82
145            <meta-data
145-->[com.google.firebase:firebase-functions:22.1.0] AndroidManifest.xml:18:13-20:85
146                android:name="com.google.firebase.components:com.google.firebase.functions.FunctionsRegistrar"
146-->[com.google.firebase:firebase-functions:22.1.0] AndroidManifest.xml:19:17-111
147                android:value="com.google.firebase.components.ComponentRegistrar" />
147-->[com.google.firebase:firebase-functions:22.1.0] AndroidManifest.xml:20:17-82
148            <meta-data
148-->[com.google.firebase:firebase-messaging:25.0.1] AndroidManifest.xml:57:13-59:85
149                android:name="com.google.firebase.components:com.google.firebase.messaging.FirebaseMessagingKtxRegistrar"
149-->[com.google.firebase:firebase-messaging:25.0.1] AndroidManifest.xml:58:17-122
150                android:value="com.google.firebase.components.ComponentRegistrar" />
150-->[com.google.firebase:firebase-messaging:25.0.1] AndroidManifest.xml:59:17-82
151            <meta-data
151-->[com.google.firebase:firebase-messaging:25.0.1] AndroidManifest.xml:60:13-62:85
152                android:name="com.google.firebase.components:com.google.firebase.messaging.FirebaseMessagingRegistrar"
152-->[com.google.firebase:firebase-messaging:25.0.1] AndroidManifest.xml:61:17-119
153                android:value="com.google.firebase.components.ComponentRegistrar" />
153-->[com.google.firebase:firebase-messaging:25.0.1] AndroidManifest.xml:62:17-82
154            <meta-data
154-->[com.google.firebase:firebase-storage:22.0.1] AndroidManifest.xml:30:13-32:85
155                android:name="com.google.firebase.components:com.google.firebase.storage.FirebaseStorageKtxRegistrar"
155-->[com.google.firebase:firebase-storage:22.0.1] AndroidManifest.xml:31:17-118
156                android:value="com.google.firebase.components.ComponentRegistrar" />
156-->[com.google.firebase:firebase-storage:22.0.1] AndroidManifest.xml:32:17-82
157            <meta-data
157-->[com.google.firebase:firebase-storage:22.0.1] AndroidManifest.xml:33:13-35:85
158                android:name="com.google.firebase.components:com.google.firebase.storage.StorageRegistrar"
158-->[com.google.firebase:firebase-storage:22.0.1] AndroidManifest.xml:34:17-107
159                android:value="com.google.firebase.components.ComponentRegistrar" />
159-->[com.google.firebase:firebase-storage:22.0.1] AndroidManifest.xml:35:17-82
160            <meta-data
160-->[com.google.firebase:firebase-appcheck:19.0.1] AndroidManifest.xml:25:13-27:85
161                android:name="com.google.firebase.components:com.google.firebase.appcheck.FirebaseAppCheckKtxRegistrar"
161-->[com.google.firebase:firebase-appcheck:19.0.1] AndroidManifest.xml:26:17-120
162                android:value="com.google.firebase.components.ComponentRegistrar" />
162-->[com.google.firebase:firebase-appcheck:19.0.1] AndroidManifest.xml:27:17-82
163            <meta-data
163-->[com.google.firebase:firebase-appcheck:19.0.1] AndroidManifest.xml:28:13-30:85
164                android:name="com.google.firebase.components:com.google.firebase.appcheck.FirebaseAppCheckRegistrar"
164-->[com.google.firebase:firebase-appcheck:19.0.1] AndroidManifest.xml:29:17-117
165                android:value="com.google.firebase.components.ComponentRegistrar" />
165-->[com.google.firebase:firebase-appcheck:19.0.1] AndroidManifest.xml:30:17-82
166            <meta-data
166-->[com.google.android.gms:play-services-measurement-api:23.0.0] AndroidManifest.xml:33:13-35:85
167                android:name="com.google.firebase.components:com.google.firebase.analytics.connector.internal.AnalyticsConnectorRegistrar"
167-->[com.google.android.gms:play-services-measurement-api:23.0.0] AndroidManifest.xml:34:17-139
168                android:value="com.google.firebase.components.ComponentRegistrar" />
168-->[com.google.android.gms:play-services-measurement-api:23.0.0] AndroidManifest.xml:35:17-82
169            <meta-data
169-->[com.google.firebase:firebase-iid:21.1.0] AndroidManifest.xml:32:13-34:85
170                android:name="com.google.firebase.components:com.google.firebase.iid.Registrar"
170-->[com.google.firebase:firebase-iid:21.1.0] AndroidManifest.xml:33:17-96
171                android:value="com.google.firebase.components.ComponentRegistrar" />
171-->[com.google.firebase:firebase-iid:21.1.0] AndroidManifest.xml:34:17-82
172            <meta-data
172-->[com.google.firebase:firebase-installations:19.0.1] AndroidManifest.xml:15:13-17:85
173                android:name="com.google.firebase.components:com.google.firebase.installations.FirebaseInstallationsKtxRegistrar"
173-->[com.google.firebase:firebase-installations:19.0.1] AndroidManifest.xml:16:17-130
174                android:value="com.google.firebase.components.ComponentRegistrar" />
174-->[com.google.firebase:firebase-installations:19.0.1] AndroidManifest.xml:17:17-82
175            <meta-data
175-->[com.google.firebase:firebase-installations:19.0.1] AndroidManifest.xml:18:13-20:85
176                android:name="com.google.firebase.components:com.google.firebase.installations.FirebaseInstallationsRegistrar"
176-->[com.google.firebase:firebase-installations:19.0.1] AndroidManifest.xml:19:17-127
177                android:value="com.google.firebase.components.ComponentRegistrar" />
177-->[com.google.firebase:firebase-installations:19.0.1] AndroidManifest.xml:20:17-82
178            <meta-data
178-->[com.google.firebase:firebase-common:22.0.1] AndroidManifest.xml:35:13-37:85
179                android:name="com.google.firebase.components:com.google.firebase.FirebaseCommonKtxRegistrar"
179-->[com.google.firebase:firebase-common:22.0.1] AndroidManifest.xml:36:17-109
180                android:value="com.google.firebase.components.ComponentRegistrar" />
180-->[com.google.firebase:firebase-common:22.0.1] AndroidManifest.xml:37:17-82
181            <meta-data
181-->[com.google.firebase:firebase-datatransport:18.2.0] AndroidManifest.xml:25:13-27:85
182                android:name="com.google.firebase.components:com.google.firebase.datatransport.TransportRegistrar"
182-->[com.google.firebase:firebase-datatransport:18.2.0] AndroidManifest.xml:26:17-115
183                android:value="com.google.firebase.components.ComponentRegistrar" />
183-->[com.google.firebase:firebase-datatransport:18.2.0] AndroidManifest.xml:27:17-82
184        </service>
185
186        <provider
186-->[:image_picker_android] AndroidManifest.xml:9:9-17:20
187            android:name="io.flutter.plugins.imagepicker.ImagePickerFileProvider"
187-->[:image_picker_android] AndroidManifest.xml:10:13-82
188            android:authorities="com.example.quiz_application.flutter.image_provider"
188-->[:image_picker_android] AndroidManifest.xml:11:13-74
189            android:exported="false"
189-->[:image_picker_android] AndroidManifest.xml:12:13-37
190            android:grantUriPermissions="true" >
190-->[:image_picker_android] AndroidManifest.xml:13:13-47
191            <meta-data
191-->[:image_picker_android] AndroidManifest.xml:14:13-16:75
192                android:name="android.support.FILE_PROVIDER_PATHS"
192-->[:image_picker_android] AndroidManifest.xml:15:17-67
193                android:resource="@xml/flutter_image_picker_file_paths" />
193-->[:image_picker_android] AndroidManifest.xml:16:17-72
194        </provider> <!-- Trigger Google Play services to install the backported photo picker module. -->
195        <service
195-->[:image_picker_android] AndroidManifest.xml:19:9-31:19
196            android:name="com.google.android.gms.metadata.ModuleDependencies"
196-->[:image_picker_android] AndroidManifest.xml:20:13-78
197            android:enabled="false"
197-->[:image_picker_android] AndroidManifest.xml:21:13-36
198            android:exported="false" >
198-->[:image_picker_android] AndroidManifest.xml:22:13-37
199            <intent-filter>
199-->[:image_picker_android] AndroidManifest.xml:24:13-26:29
200                <action android:name="com.google.android.gms.metadata.MODULE_DEPENDENCIES" />
200-->[:image_picker_android] AndroidManifest.xml:25:17-94
200-->[:image_picker_android] AndroidManifest.xml:25:25-91
201            </intent-filter>
202
203            <meta-data
203-->[:image_picker_android] AndroidManifest.xml:28:13-30:36
204                android:name="photopicker_activity:0:required"
204-->[:image_picker_android] AndroidManifest.xml:29:17-63
205                android:value="" />
205-->[:image_picker_android] AndroidManifest.xml:30:17-33
206        </service>
207
208        <activity
208-->[:url_launcher_android] AndroidManifest.xml:8:9-11:74
209            android:name="io.flutter.plugins.urllauncher.WebViewActivity"
209-->[:url_launcher_android] AndroidManifest.xml:9:13-74
210            android:exported="false"
210-->[:url_launcher_android] AndroidManifest.xml:10:13-37
211            android:theme="@android:style/Theme.NoTitleBar.Fullscreen" />
211-->[:url_launcher_android] AndroidManifest.xml:11:13-71
212
213        <service
213-->[:firebase_messaging] AndroidManifest.xml:14:9-17:72
214            android:name="io.flutter.plugins.firebase.messaging.FlutterFirebaseMessagingBackgroundService"
214-->[:firebase_messaging] AndroidManifest.xml:15:13-107
215            android:exported="false"
215-->[:firebase_messaging] AndroidManifest.xml:16:13-37
216            android:permission="android.permission.BIND_JOB_SERVICE" />
216-->[:firebase_messaging] AndroidManifest.xml:17:13-69
217        <service
217-->[:firebase_messaging] AndroidManifest.xml:18:9-24:19
218            android:name="io.flutter.plugins.firebase.messaging.FlutterFirebaseMessagingService"
218-->[:firebase_messaging] AndroidManifest.xml:19:13-97
219            android:exported="false" >
219-->[:firebase_messaging] AndroidManifest.xml:20:13-37
220            <intent-filter>
220-->[:firebase_messaging] AndroidManifest.xml:21:13-23:29
221                <action android:name="com.google.firebase.MESSAGING_EVENT" />
221-->[:firebase_messaging] AndroidManifest.xml:22:17-78
221-->[:firebase_messaging] AndroidManifest.xml:22:25-75
222            </intent-filter>
223        </service>
224
225        <receiver
225-->[:firebase_messaging] AndroidManifest.xml:26:9-33:20
226            android:name="io.flutter.plugins.firebase.messaging.FlutterFirebaseMessagingReceiver"
226-->[:firebase_messaging] AndroidManifest.xml:27:13-98
227            android:exported="true"
227-->[:firebase_messaging] AndroidManifest.xml:28:13-36
228            android:permission="com.google.android.c2dm.permission.SEND" >
228-->[:firebase_messaging] AndroidManifest.xml:29:13-73
229            <intent-filter>
229-->[:firebase_messaging] AndroidManifest.xml:30:13-32:29
230                <action android:name="com.google.android.c2dm.intent.RECEIVE" />
230-->[:firebase_messaging] AndroidManifest.xml:31:17-81
230-->[:firebase_messaging] AndroidManifest.xml:31:25-78
231            </intent-filter>
232        </receiver>
233
234        <provider
234-->[:firebase_messaging] AndroidManifest.xml:41:9-45:38
235            android:name="io.flutter.plugins.firebase.messaging.FlutterFirebaseMessagingInitProvider"
235-->[:firebase_messaging] AndroidManifest.xml:42:13-102
236            android:authorities="com.example.quiz_application.flutterfirebasemessaginginitprovider"
236-->[:firebase_messaging] AndroidManifest.xml:43:13-88
237            android:exported="false"
237-->[:firebase_messaging] AndroidManifest.xml:44:13-37
238            android:initOrder="99" />
238-->[:firebase_messaging] AndroidManifest.xml:45:13-35
239
240        <activity
240-->[com.google.firebase:firebase-auth:24.0.1] AndroidManifest.xml:29:9-46:20
241            android:name="com.google.firebase.auth.internal.GenericIdpActivity"
241-->[com.google.firebase:firebase-auth:24.0.1] AndroidManifest.xml:30:13-80
242            android:excludeFromRecents="true"
242-->[com.google.firebase:firebase-auth:24.0.1] AndroidManifest.xml:31:13-46
243            android:exported="true"
243-->[com.google.firebase:firebase-auth:24.0.1] AndroidManifest.xml:32:13-36
244            android:launchMode="singleTask"
244-->[com.google.firebase:firebase-auth:24.0.1] AndroidManifest.xml:33:13-44
245            android:theme="@android:style/Theme.Translucent.NoTitleBar" >
245-->[com.google.firebase:firebase-auth:24.0.1] AndroidManifest.xml:34:13-72
246            <intent-filter>
246-->[com.google.firebase:firebase-auth:24.0.1] AndroidManifest.xml:35:13-45:29
247                <action android:name="android.intent.action.VIEW" />
247-->[com.google.firebase:firebase-auth:24.0.1] AndroidManifest.xml:36:17-69
247-->[com.google.firebase:firebase-auth:24.0.1] AndroidManifest.xml:36:25-66
248
249                <category android:name="android.intent.category.DEFAULT" />
249-->[com.google.firebase:firebase-auth:24.0.1] AndroidManifest.xml:38:17-76
249-->[com.google.firebase:firebase-auth:24.0.1] AndroidManifest.xml:38:27-73
250                <category android:name="android.intent.category.BROWSABLE" />
250-->[com.google.firebase:firebase-auth:24.0.1] AndroidManifest.xml:39:17-78
250-->[com.google.firebase:firebase-auth:24.0.1] AndroidManifest.xml:39:27-75
251
252                <data
252-->src\main\AndroidManifest.xml:71:13-50
253                    android:host="firebase.auth"
254                    android:path="/"
255                    android:scheme="genericidp" />
256            </intent-filter>
257        </activity>
258        <activity
258-->[com.google.firebase:firebase-auth:24.0.1] AndroidManifest.xml:47:9-64:20
259            android:name="com.google.firebase.auth.internal.RecaptchaActivity"
259-->[com.google.firebase:firebase-auth:24.0.1] AndroidManifest.xml:48:13-79
260            android:excludeFromRecents="true"
260-->[com.google.firebase:firebase-auth:24.0.1] AndroidManifest.xml:49:13-46
261            android:exported="true"
261-->[com.google.firebase:firebase-auth:24.0.1] AndroidManifest.xml:50:13-36
262            android:launchMode="singleTask"
262-->[com.google.firebase:firebase-auth:24.0.1] AndroidManifest.xml:51:13-44
263            android:theme="@android:style/Theme.Translucent.NoTitleBar" >
263-->[com.google.firebase:firebase-auth:24.0.1] AndroidManifest.xml:52:13-72
264            <intent-filter>
264-->[com.google.firebase:firebase-auth:24.0.1] AndroidManifest.xml:53:13-63:29
265                <action android:name="android.intent.action.VIEW" />
265-->[com.google.firebase:firebase-auth:24.0.1] AndroidManifest.xml:36:17-69
265-->[com.google.firebase:firebase-auth:24.0.1] AndroidManifest.xml:36:25-66
266
267                <category android:name="android.intent.category.DEFAULT" />
267-->[com.google.firebase:firebase-auth:24.0.1] AndroidManifest.xml:38:17-76
267-->[com.google.firebase:firebase-auth:24.0.1] AndroidManifest.xml:38:27-73
268                <category android:name="android.intent.category.BROWSABLE" />
268-->[com.google.firebase:firebase-auth:24.0.1] AndroidManifest.xml:39:17-78
268-->[com.google.firebase:firebase-auth:24.0.1] AndroidManifest.xml:39:27-75
269
270                <data
270-->src\main\AndroidManifest.xml:71:13-50